<?xml version="1.0" encoding="UTF-8"?>
<!-- Generated by org.testng.reporters.JUnitReportReporter -->
<testsuite hostname="Teju" failures="1" tests="2" name="cucumber.TestNGTestRunner" time="13.271" errors="0" timestamp="2024-08-30T15:25:27 IST" skipped="0">
  <testcase classname="cucumber.TestNGTestRunner" name="runScenario" time="9.494"/>
  <testcase classname="cucumber.TestNGTestRunner" name="runScenario" time="3.777">
    <failure message="expected [Login Successfully] but found [Incorrect email or password.]" type="java.lang.AssertionError">
      <![CDATA[java.lang.AssertionError: expected [Login Successfully] but found [Incorrect email or password.]
at org.testng.Assert.fail(Assert.java:111)
at org.testng.Assert.failNotEquals(Assert.java:1578)
at org.testng.Assert.assertEqualsImpl(Assert.java:150)
at org.testng.Assert.assertEquals(Assert.java:132)
at org.testng.Assert.assertEquals(Assert.java:656)
at org.testng.Assert.assertEquals(Assert.java:666)
at cucumberProject.stepDefinition.StepDefinitionImpl.something_message_is_displayed(StepDefinitionImpl.java:70)
at âœ½."Incorrect email or password." message is displayed(file:///C:/Users/tejur/eclipse-workspace/SeleniumFramework/src/test/java/cucumber/ErrorValidation.feature:11)
]]>
    </failure>
  </testcase> <!-- runScenario -->
</testsuite> <!-- cucumber.TestNGTestRunner -->
